  CBattery.cpp
E:\자료\SVN\인재원\인재원 프로젝트\DreamFish\5_Project\DreamFish\WindowsProject1\fmod.hpp(14,10): error C1083: 포함 파일을 열 수 없습니다. 'fmod_common.h': No such file or directory
  (소스 파일 'CBattery.cpp'을(를) 컴파일하는 중)
  
  CButtonStart.cpp
E:\자료\SVN\인재원\인재원 프로젝트\DreamFish\5_Project\DreamFish\WindowsProject1\fmod.hpp(14,10): error C1083: 포함 파일을 열 수 없습니다. 'fmod_common.h': No such file or directory
  (소스 파일 'CButtonStart.cpp'을(를) 컴파일하는 중)
  
  CButtonQuit.cpp
E:\자료\SVN\인재원\인재원 프로젝트\DreamFish\5_Project\DreamFish\WindowsProject1\fmod.hpp(14,10): error C1083: 포함 파일을 열 수 없습니다. 'fmod_common.h': No such file or directory
  (소스 파일 'CButtonQuit.cpp'을(를) 컴파일하는 중)
  
  CAnimator.cpp
E:\자료\SVN\인재원\인재원 프로젝트\DreamFish\5_Project\DreamFish\WindowsProject1\fmod.hpp(14,10): error C1083: 포함 파일을 열 수 없습니다. 'fmod_common.h': No such file or directory
  (소스 파일 'CAnimator.cpp'을(를) 컴파일하는 중)
  
  CBackGround.cpp
E:\자료\SVN\인재원\인재원 프로젝트\DreamFish\5_Project\DreamFish\WindowsProject1\fmod.hpp(14,10): error C1083: 포함 파일을 열 수 없습니다. 'fmod_common.h': No such file or directory
  (소스 파일 'CBackGround.cpp'을(를) 컴파일하는 중)
  
  CButtonTitle.cpp
E:\자료\SVN\인재원\인재원 프로젝트\DreamFish\5_Project\DreamFish\WindowsProject1\fmod.hpp(14,10): error C1083: 포함 파일을 열 수 없습니다. 'fmod_common.h': No such file or directory
  (소스 파일 'CButtonTitle.cpp'을(를) 컴파일하는 중)
  
  CCamera.cpp
E:\자료\SVN\인재원\인재원 프로젝트\DreamFish\5_Project\DreamFish\WindowsProject1\fmod.hpp(14,10): error C1083: 포함 파일을 열 수 없습니다. 'fmod_common.h': No such file or directory
  (소스 파일 'CCamera.cpp'을(를) 컴파일하는 중)
  
  CCollider.cpp
E:\자료\SVN\인재원\인재원 프로젝트\DreamFish\5_Project\DreamFish\WindowsProject1\fmod.hpp(14,10): error C1083: 포함 파일을 열 수 없습니다. 'fmod_common.h': No such file or directory
  (소스 파일 'CCollider.cpp'을(를) 컴파일하는 중)
  
  CCollisionManager.cpp
E:\자료\SVN\인재원\인재원 프로젝트\DreamFish\5_Project\DreamFish\WindowsProject1\fmod.hpp(14,10): error C1083: 포함 파일을 열 수 없습니다. 'fmod_common.h': No such file or directory
  (소스 파일 'CCollisionManager.cpp'을(를) 컴파일하는 중)
  
  CEnd.cpp
E:\자료\SVN\인재원\인재원 프로젝트\DreamFish\5_Project\DreamFish\WindowsProject1\fmod.hpp(14,10): error C1083: 포함 파일을 열 수 없습니다. 'fmod_common.h': No such file or directory
  (소스 파일 'CEnd.cpp'을(를) 컴파일하는 중)
  
  CGameProcess.cpp
E:\자료\SVN\인재원\인재원 프로젝트\DreamFish\5_Project\DreamFish\WindowsProject1\fmod.hpp(14,10): error C1083: 포함 파일을 열 수 없습니다. 'fmod_common.h': No such file or directory
  (소스 파일 'CGameProcess.cpp'을(를) 컴파일하는 중)
  
  CEventManager.cpp
E:\자료\SVN\인재원\인재원 프로젝트\DreamFish\5_Project\DreamFish\WindowsProject1\fmod.hpp(14,10): error C1083: 포함 파일을 열 수 없습니다. 'fmod_common.h': No such file or directory
  (소스 파일 'CEventManager.cpp'을(를) 컴파일하는 중)
  
  CFish.cpp
E:\자료\SVN\인재원\인재원 프로젝트\DreamFish\5_Project\DreamFish\WindowsProject1\fmod.hpp(14,10): error C1083: 포함 파일을 열 수 없습니다. 'fmod_common.h': No such file or directory
  (소스 파일 'CFish.cpp'을(를) 컴파일하는 중)
  
  CKeyManager.cpp
E:\자료\SVN\인재원\인재원 프로젝트\DreamFish\5_Project\DreamFish\WindowsProject1\fmod.hpp(14,10): error C1083: 포함 파일을 열 수 없습니다. 'fmod_common.h': No such file or directory
  (소스 파일 'CKeyManager.cpp'을(를) 컴파일하는 중)
  
  CLogo.cpp
E:\자료\SVN\인재원\인재원 프로젝트\DreamFish\5_Project\DreamFish\WindowsProject1\fmod.hpp(14,10): error C1083: 포함 파일을 열 수 없습니다. 'fmod_common.h': No such file or directory
  (소스 파일 'CLogo.cpp'을(를) 컴파일하는 중)
  
  CObject.cpp
E:\자료\SVN\인재원\인재원 프로젝트\DreamFish\5_Project\DreamFish\WindowsProject1\fmod.hpp(14,10): error C1083: 포함 파일을 열 수 없습니다. 'fmod_common.h': No such file or directory
  (소스 파일 'CObject.cpp'을(를) 컴파일하는 중)
  
  CPathManager.cpp
E:\자료\SVN\인재원\인재원 프로젝트\DreamFish\5_Project\DreamFish\WindowsProject1\fmod.hpp(14,10): error C1083: 포함 파일을 열 수 없습니다. 'fmod_common.h': No such file or directory
  (소스 파일 'CPathManager.cpp'을(를) 컴파일하는 중)
  
  CPlayer.cpp
E:\자료\SVN\인재원\인재원 프로젝트\DreamFish\5_Project\DreamFish\WindowsProject1\fmod.hpp(14,10): error C1083: 포함 파일을 열 수 없습니다. 'fmod_common.h': No such file or directory
  (소스 파일 'CPlayer.cpp'을(를) 컴파일하는 중)
  
  CResource.cpp
E:\자료\SVN\인재원\인재원 프로젝트\DreamFish\5_Project\DreamFish\WindowsProject1\fmod.hpp(14,10): error C1083: 포함 파일을 열 수 없습니다. 'fmod_common.h': No such file or directory
  (소스 파일 'CResource.cpp'을(를) 컴파일하는 중)
  
  CResManager.cpp
E:\자료\SVN\인재원\인재원 프로젝트\DreamFish\5_Project\DreamFish\WindowsProject1\fmod.hpp(14,10): error C1083: 포함 파일을 열 수 없습니다. 'fmod_common.h': No such file or directory
  (소스 파일 'CResManager.cpp'을(를) 컴파일하는 중)
  
  CScene.cpp
E:\자료\SVN\인재원\인재원 프로젝트\DreamFish\5_Project\DreamFish\WindowsProject1\fmod.hpp(14,10): error C1083: 포함 파일을 열 수 없습니다. 'fmod_common.h': No such file or directory
  (소스 파일 'CScene.cpp'을(를) 컴파일하는 중)
  
  CSceneManager.cpp
E:\자료\SVN\인재원\인재원 프로젝트\DreamFish\5_Project\DreamFish\WindowsProject1\fmod.hpp(14,10): error C1083: 포함 파일을 열 수 없습니다. 'fmod_common.h': No such file or directory
  (소스 파일 'CSceneManager.cpp'을(를) 컴파일하는 중)
  
  CSceneStart.cpp
E:\자료\SVN\인재원\인재원 프로젝트\DreamFish\5_Project\DreamFish\WindowsProject1\fmod.hpp(14,10): error C1083: 포함 파일을 열 수 없습니다. 'fmod_common.h': No such file or directory
  (소스 파일 'CSceneStart.cpp'을(를) 컴파일하는 중)
  
  DoorKey.cpp
E:\자료\SVN\인재원\인재원 프로젝트\DreamFish\5_Project\DreamFish\WindowsProject1\fmod.hpp(14,10): error C1083: 포함 파일을 열 수 없습니다. 'fmod_common.h': No such file or directory
  (소스 파일 'DoorKey.cpp'을(를) 컴파일하는 중)
  
  FakeWallLeftRight.cpp
E:\자료\SVN\인재원\인재원 프로젝트\DreamFish\5_Project\DreamFish\WindowsProject1\fmod.hpp(14,10): error C1083: 포함 파일을 열 수 없습니다. 'fmod_common.h': No such file or directory
  (소스 파일 'FakeWallLeftRight.cpp'을(를) 컴파일하는 중)
  
  FakeWallUpDown.cpp
E:\자료\SVN\인재원\인재원 프로젝트\DreamFish\5_Project\DreamFish\WindowsProject1\fmod.hpp(14,10): error C1083: 포함 파일을 열 수 없습니다. 'fmod_common.h': No such file or directory
  (소스 파일 'FakeWallUpDown.cpp'을(를) 컴파일하는 중)
  
  KeyDoor.cpp
E:\자료\SVN\인재원\인재원 프로젝트\DreamFish\5_Project\DreamFish\WindowsProject1\fmod.hpp(14,10): error C1083: 포함 파일을 열 수 없습니다. 'fmod_common.h': No such file or directory
  (소스 파일 'KeyDoor.cpp'을(를) 컴파일하는 중)
  
  Stage1.cpp
E:\자료\SVN\인재원\인재원 프로젝트\DreamFish\5_Project\DreamFish\WindowsProject1\fmod.hpp(14,10): error C1083: 포함 파일을 열 수 없습니다. 'fmod_common.h': No such file or directory
  (소스 파일 'Stage1.cpp'을(를) 컴파일하는 중)
  
  CSoundManager.cpp
E:\자료\SVN\인재원\인재원 프로젝트\DreamFish\5_Project\DreamFish\WindowsProject1\fmod.hpp(14,10): error C1083: 포함 파일을 열 수 없습니다. 'fmod_common.h': No such file or directory
  (소스 파일 'CSoundManager.cpp'을(를) 컴파일하는 중)
  
  CTexture.cpp
E:\자료\SVN\인재원\인재원 프로젝트\DreamFish\5_Project\DreamFish\WindowsProject1\fmod.hpp(14,10): error C1083: 포함 파일을 열 수 없습니다. 'fmod_common.h': No such file or directory
  (소스 파일 'CTexture.cpp'을(를) 컴파일하는 중)
  
  CTimeManager.cpp
E:\자료\SVN\인재원\인재원 프로젝트\DreamFish\5_Project\DreamFish\WindowsProject1\fmod.hpp(14,10): error C1083: 포함 파일을 열 수 없습니다. 'fmod_common.h': No such file or directory
  (소스 파일 'CTimeManager.cpp'을(를) 컴파일하는 중)
  
  CUI.cpp
E:\자료\SVN\인재원\인재원 프로젝트\DreamFish\5_Project\DreamFish\WindowsProject1\fmod.hpp(14,10): error C1083: 포함 파일을 열 수 없습니다. 'fmod_common.h': No such file or directory
  (소스 파일 'CUI.cpp'을(를) 컴파일하는 중)
  
  CFishCollider.cpp
E:\자료\SVN\인재원\인재원 프로젝트\DreamFish\5_Project\DreamFish\WindowsProject1\fmod.hpp(14,10): error C1083: 포함 파일을 열 수 없습니다. 'fmod_common.h': No such file or directory
  (소스 파일 'CFishCollider.cpp'을(를) 컴파일하는 중)
  
  CLadder.cpp
E:\자료\SVN\인재원\인재원 프로젝트\DreamFish\5_Project\DreamFish\WindowsProject1\fmod.hpp(14,10): error C1083: 포함 파일을 열 수 없습니다. 'fmod_common.h': No such file or directory
  (소스 파일 'CLadder.cpp'을(를) 컴파일하는 중)
  
  COtherCollider.cpp
E:\자료\SVN\인재원\인재원 프로젝트\DreamFish\5_Project\DreamFish\WindowsProject1\fmod.hpp(14,10): error C1083: 포함 파일을 열 수 없습니다. 'fmod_common.h': No such file or directory
  (소스 파일 'COtherCollider.cpp'을(를) 컴파일하는 중)
  
  Door.cpp
E:\자료\SVN\인재원\인재원 프로젝트\DreamFish\5_Project\DreamFish\WindowsProject1\fmod.hpp(14,10): error C1083: 포함 파일을 열 수 없습니다. 'fmod_common.h': No such file or directory
  (소스 파일 'Door.cpp'을(를) 컴파일하는 중)
  
  DoorButton.cpp
E:\자료\SVN\인재원\인재원 프로젝트\DreamFish\5_Project\DreamFish\WindowsProject1\fmod.hpp(14,10): error C1083: 포함 파일을 열 수 없습니다. 'fmod_common.h': No such file or directory
  (소스 파일 'DoorButton.cpp'을(를) 컴파일하는 중)
  
  FishButton.cpp
E:\자료\SVN\인재원\인재원 프로젝트\DreamFish\5_Project\DreamFish\WindowsProject1\fmod.hpp(14,10): error C1083: 포함 파일을 열 수 없습니다. 'fmod_common.h': No such file or directory
  (소스 파일 'FishButton.cpp'을(를) 컴파일하는 중)
  
  FishDoor.cpp
E:\자료\SVN\인재원\인재원 프로젝트\DreamFish\5_Project\DreamFish\WindowsProject1\fmod.hpp(14,10): error C1083: 포함 파일을 열 수 없습니다. 'fmod_common.h': No such file or directory
  (소스 파일 'FishDoor.cpp'을(를) 컴파일하는 중)
  
  Floor.cpp
E:\자료\SVN\인재원\인재원 프로젝트\DreamFish\5_Project\DreamFish\WindowsProject1\fmod.hpp(14,10): error C1083: 포함 파일을 열 수 없습니다. 'fmod_common.h': No such file or directory
  (소스 파일 'Floor.cpp'을(를) 컴파일하는 중)
  
  func.cpp
E:\자료\SVN\인재원\인재원 프로젝트\DreamFish\5_Project\DreamFish\WindowsProject1\fmod.hpp(14,10): error C1083: 포함 파일을 열 수 없습니다. 'fmod_common.h': No such file or directory
  (소스 파일 'func.cpp'을(를) 컴파일하는 중)
  
  GoToNextScene.cpp
E:\자료\SVN\인재원\인재원 프로젝트\DreamFish\5_Project\DreamFish\WindowsProject1\fmod.hpp(14,10): error C1083: 포함 파일을 열 수 없습니다. 'fmod_common.h': No such file or directory
  (소스 파일 'GoToNextScene.cpp'을(를) 컴파일하는 중)
  
  PlayerWidth.cpp
E:\자료\SVN\인재원\인재원 프로젝트\DreamFish\5_Project\DreamFish\WindowsProject1\fmod.hpp(14,10): error C1083: 포함 파일을 열 수 없습니다. 'fmod_common.h': No such file or directory
  (소스 파일 'PlayerWidth.cpp'을(를) 컴파일하는 중)
  
  CRock.cpp
E:\자료\SVN\인재원\인재원 프로젝트\DreamFish\5_Project\DreamFish\WindowsProject1\fmod.hpp(14,10): error C1083: 포함 파일을 열 수 없습니다. 'fmod_common.h': No such file or directory
  (소스 파일 'CRock.cpp'을(를) 컴파일하는 중)
  
  CSelectGDI.cpp
E:\자료\SVN\인재원\인재원 프로젝트\DreamFish\5_Project\DreamFish\WindowsProject1\fmod.hpp(14,10): error C1083: 포함 파일을 열 수 없습니다. 'fmod_common.h': No such file or directory
  (소스 파일 'CSelectGDI.cpp'을(를) 컴파일하는 중)
  
  CTitle.cpp
E:\자료\SVN\인재원\인재원 프로젝트\DreamFish\5_Project\DreamFish\WindowsProject1\fmod.hpp(14,10): error C1083: 포함 파일을 열 수 없습니다. 'fmod_common.h': No such file or directory
  (소스 파일 'CTitle.cpp'을(를) 컴파일하는 중)
  
  CWall.cpp
E:\자료\SVN\인재원\인재원 프로젝트\DreamFish\5_Project\DreamFish\WindowsProject1\fmod.hpp(14,10): error C1083: 포함 파일을 열 수 없습니다. 'fmod_common.h': No such file or directory
  (소스 파일 'CWall.cpp'을(를) 컴파일하는 중)
  
  SeaUr.cpp
E:\자료\SVN\인재원\인재원 프로젝트\DreamFish\5_Project\DreamFish\WindowsProject1\fmod.hpp(14,10): error C1083: 포함 파일을 열 수 없습니다. 'fmod_common.h': No such file or directory
  (소스 파일 'SeaUr.cpp'을(를) 컴파일하는 중)
  
  Shark.cpp
E:\자료\SVN\인재원\인재원 프로젝트\DreamFish\5_Project\DreamFish\WindowsProject1\fmod.hpp(14,10): error C1083: 포함 파일을 열 수 없습니다. 'fmod_common.h': No such file or directory
  (소스 파일 'Shark.cpp'을(를) 컴파일하는 중)
  
  Stage2.cpp
E:\자료\SVN\인재원\인재원 프로젝트\DreamFish\5_Project\DreamFish\WindowsProject1\fmod.hpp(14,10): error C1083: 포함 파일을 열 수 없습니다. 'fmod_common.h': No such file or directory
  (소스 파일 'Stage2.cpp'을(를) 컴파일하는 중)
  
  Stage3.cpp
E:\자료\SVN\인재원\인재원 프로젝트\DreamFish\5_Project\DreamFish\WindowsProject1\fmod.hpp(14,10): error C1083: 포함 파일을 열 수 없습니다. 'fmod_common.h': No such file or directory
  (소스 파일 'Stage3.cpp'을(를) 컴파일하는 중)
  
  Stage4.cpp
E:\자료\SVN\인재원\인재원 프로젝트\DreamFish\5_Project\DreamFish\WindowsProject1\fmod.hpp(14,10): error C1083: 포함 파일을 열 수 없습니다. 'fmod_common.h': No such file or directory
  (소스 파일 'Stage4.cpp'을(를) 컴파일하는 중)
  
  Stage5.cpp
E:\자료\SVN\인재원\인재원 프로젝트\DreamFish\5_Project\DreamFish\WindowsProject1\fmod.hpp(14,10): error C1083: 포함 파일을 열 수 없습니다. 'fmod_common.h': No such file or directory
  (소스 파일 'Stage5.cpp'을(를) 컴파일하는 중)
  
  Stage6.cpp
E:\자료\SVN\인재원\인재원 프로젝트\DreamFish\5_Project\DreamFish\WindowsProject1\fmod.hpp(14,10): error C1083: 포함 파일을 열 수 없습니다. 'fmod_common.h': No such file or directory
  (소스 파일 'Stage6.cpp'을(를) 컴파일하는 중)
  
  Stage7.cpp
E:\자료\SVN\인재원\인재원 프로젝트\DreamFish\5_Project\DreamFish\WindowsProject1\fmod.hpp(14,10): error C1083: 포함 파일을 열 수 없습니다. 'fmod_common.h': No such file or directory
  (소스 파일 'Stage7.cpp'을(를) 컴파일하는 중)
  
  WindowsProject1.cpp
E:\자료\SVN\인재원\인재원 프로젝트\DreamFish\5_Project\DreamFish\WindowsProject1\fmod.hpp(14,10): error C1083: 포함 파일을 열 수 없습니다. 'fmod_common.h': No such file or directory
  (소스 파일 'WindowsProject1.cpp'을(를) 컴파일하는 중)
  
